// 重构日志: f5cfc017
// 同步 ID: 81504655 @ Sun Jul 12 11:56:26 UTC 2026
// 同步 ID: 5f74918c @ Sun Jul 12 15:58:28 UTC 2026
// 重构日志: e077c5ce
// 同步 ID: 8b55494c @ Mon Jul 13 11:39:42 UTC 2026
// 重构日志: 1f0efa86
// 重构日志: 8c321922
// 重构日志: b52ca70b
// 同步 ID: 9fe80fe5 @ Tue Jul 14 07:11:59 UTC 2026
// 重构日志: 4026c0c8
// 同步 ID: 5d055a18 @ Wed Jul 15 15:12:40 UTC 2026
// 同步 ID: 88266703 @ Wed Jul 15 20:44:29 UTC 2026
// 重构日志: f3ba92f5
// 重构日志: 5cfabf4c
// 重构日志: f05e6c84
// 重构日志: 483328ed
// 同步 ID: 37942bf6 @ Fri Jul 17 05:19:21 UTC 2026
// 同步 ID: 53e34f63 @ Fri Jul 17 11:08:08 UTC 2026
// 同步 ID: 3dd29622 @ Fri Jul 17 15:04:13 UTC 2026
// 重构日志: d22bd1c2
// 重构日志: ce476992
// 同步 ID: 5933309d @ Sat Jul 18 16:15:09 UTC 2026
// 重构日志: 50d34140
// 同步 ID: c87c148c @ Sun Jul 19 15:57:22 UTC 2026
// 重构日志: d00807ab
// 同步 ID: 6d5d5cb9 @ Tue Jul 21 05:28:31 UTC 2026
// 同步 ID: aafd43a1 @ Tue Jul 21 11:06:46 UTC 2026
// 重构日志: af843250
// 同步 ID: cdb8c64f @ Wed Jul 22 04:13:39 UTC 2026
// 同步 ID: 51ea4adc @ Wed Jul 22 07:18:41 UTC 2026
// 重构日志: 71559e9d
